08/16/2020 05:10:07 PM: INFO: *************** test_homePageTitle ************
08/16/2020 05:10:11 PM: INFO: Title verified successfully
08/16/2020 05:10:13 PM: INFO: *************** test_login ************
08/16/2020 05:10:16 PM: INFO: Entered Username
08/16/2020 05:10:16 PM: INFO: Entered Password
08/16/2020 05:10:29 PM: INFO: Clicked on login button
08/16/2020 05:10:30 PM: ERROR: Test case failed
08/16/2020 06:10:26 PM: INFO: *************** test_homePageTitle ************
08/16/2020 06:10:26 PM: INFO: Title verified successfully
08/16/2020 06:10:31 PM: INFO: *************** test_login ************
08/16/2020 06:10:31 PM: INFO: Entered Username
08/16/2020 06:10:31 PM: INFO: Entered Password
08/16/2020 06:10:37 PM: INFO: Clicked on login button
08/16/2020 06:10:38 PM: ERROR: Test case failed
08/16/2020 06:16:04 PM: INFO: *************** test_homePageTitle ************
08/16/2020 06:16:04 PM: INFO: Title verified successfully
08/16/2020 06:16:11 PM: INFO: *************** test_login ************
08/16/2020 06:16:11 PM: INFO: Entered Username
08/16/2020 06:16:11 PM: INFO: Entered Password
08/16/2020 06:16:18 PM: INFO: Clicked on login button
08/16/2020 06:16:19 PM: ERROR: Test case failed
08/16/2020 06:18:14 PM: INFO: *************** test_homePageTitle ************
08/16/2020 06:18:14 PM: INFO: Title verified successfully
08/16/2020 06:18:23 PM: INFO: *************** test_login ************
08/16/2020 06:18:23 PM: INFO: Entered Username
08/16/2020 06:18:23 PM: INFO: Entered Password
08/16/2020 06:18:29 PM: INFO: Clicked on login button
08/16/2020 06:18:30 PM: ERROR: Test case failed
08/16/2020 06:19:24 PM : INFO: *************** test_homePageTitle ************
08/16/2020 06:19:24 PM : INFO: Title verified successfully
08/16/2020 06:19:30 PM : INFO: *************** test_login ************
08/16/2020 06:19:30 PM : INFO: Entered Username
08/16/2020 06:19:30 PM : INFO: Entered Password
08/16/2020 06:19:35 PM : INFO: Clicked on login button
08/16/2020 06:19:36 PM : ERROR: Test case failed
08/16/2020 06:22:40 PM : INFO: *************** test_homePageTitle ************
08/16/2020 06:22:40 PM : INFO: Title verified successfully
08/16/2020 06:22:46 PM : INFO: *************** test_login ************
08/16/2020 06:22:47 PM : INFO: Entered Username
08/16/2020 06:22:47 PM : INFO: Entered Password
08/16/2020 06:23:53 PM : INFO: Clicked on login button
08/16/2020 06:23:54 PM : ERROR: Test case failed
08/16/2020 06:26:06 PM : INFO: *************** test_homePageTitle ************
08/16/2020 06:26:06 PM : INFO: Title verified successfully

08/16/2020 06:26:13 PM : INFO: *************** test_login ************
08/16/2020 06:26:13 PM : INFO: Entered Username
08/16/2020 06:26:13 PM : INFO: Entered Password
08/16/2020 06:26:26 PM : INFO: Clicked on login button
08/16/2020 06:26:26 PM : INFO: Login verified successfully

08/16/2020 06:27:02 PM : INFO: *************** test_homePageTitle ************
08/16/2020 06:27:02 PM : INFO: Title verified successfully

08/16/2020 06:27:08 PM : INFO: *************** test_login ************
08/16/2020 06:27:08 PM : INFO: Entered Username
08/16/2020 06:27:08 PM : INFO: Entered Password
08/16/2020 06:27:24 PM : INFO: Clicked on login button
08/16/2020 06:27:24 PM : INFO: Login verified successfully

08/16/2020 06:38:58 PM : INFO: *************** test_homePageTitle ************
08/16/2020 06:38:58 PM : INFO: Title verified successfully

08/16/2020 06:39:06 PM : INFO: *************** test_login ************
08/16/2020 06:39:06 PM : INFO: Entered Username
08/16/2020 06:39:06 PM : INFO: Entered Password
08/16/2020 06:39:29 PM : INFO: Clicked on login button
08/16/2020 06:39:30 PM : INFO: Login verified successfully

08/16/2020 08:02:41 PM : INFO: *************** test_homePageTitle ************
08/16/2020 08:02:41 PM : INFO: Title verified successfully

08/16/2020 08:02:45 PM : INFO: *************** test_login ************
08/16/2020 08:02:46 PM : INFO: Entered Username
08/16/2020 08:02:46 PM : INFO: Entered Password
08/16/2020 08:02:53 PM : INFO: Clicked on login button
08/16/2020 08:02:53 PM : INFO: Login verified successfully

08/16/2020 08:12:40 PM : INFO: *************** test_homePageTitle ************
08/16/2020 08:12:40 PM : INFO: Title verified successfully

08/16/2020 08:12:46 PM : INFO: *************** test_login ************
08/16/2020 08:12:46 PM : INFO: Entered Username
08/16/2020 08:12:46 PM : INFO: Entered Password
08/16/2020 08:12:52 PM : INFO: Clicked on login button
08/16/2020 08:12:52 PM : INFO: Login verified successfully

08/16/2020 08:14:45 PM : INFO: *************** test_homePageTitle ************
08/16/2020 08:14:45 PM : INFO: Title verified successfully

08/16/2020 08:14:51 PM : INFO: *************** test_login ************
08/16/2020 08:14:51 PM : INFO: Entered Username
08/16/2020 08:14:51 PM : INFO: Entered Password
08/16/2020 08:14:56 PM : INFO: Clicked on login button
08/16/2020 08:14:56 PM : INFO: Login verified successfully

08/16/2020 08:16:33 PM : INFO: *************** test_homePageTitle ************
08/16/2020 08:16:33 PM : INFO: Title verified successfully

08/16/2020 08:16:40 PM : INFO: *************** test_login ************
08/16/2020 08:16:41 PM : INFO: Entered Username
08/16/2020 08:16:41 PM : INFO: Entered Password
08/16/2020 08:16:47 PM : INFO: Clicked on login button
08/16/2020 08:16:47 PM : INFO: Login verified successfully

08/16/2020 08:19:39 PM : INFO: *************** test_homePageTitle ************
08/16/2020 08:19:39 PM : INFO: Title verified successfully

08/16/2020 08:19:46 PM : INFO: *************** test_login ************
08/16/2020 08:19:47 PM : INFO: Entered Username
08/16/2020 08:19:47 PM : INFO: Entered Password
08/16/2020 08:19:53 PM : INFO: Clicked on login button
08/16/2020 08:19:53 PM : INFO: Login verified successfully

08/16/2020 08:20:05 PM : INFO: *************** test_homePageTitle ************
08/16/2020 08:20:05 PM : INFO: Title verified successfully

08/16/2020 08:20:10 PM : INFO: *************** test_login ************
08/16/2020 08:20:10 PM : INFO: Entered Username
08/16/2020 08:20:10 PM : INFO: Entered Password
08/16/2020 08:20:17 PM : INFO: Clicked on login button
08/16/2020 08:20:17 PM : INFO: Login verified successfully

08/16/2020 08:29:00 PM : INFO: *************** test_homePageTitle ************
08/16/2020 08:29:00 PM : INFO: Title verified successfully

08/16/2020 08:29:01 PM : INFO: *************** test_login ************
08/16/2020 08:29:01 PM : INFO: Entered Username
08/16/2020 08:29:01 PM : INFO: Entered Password
08/16/2020 08:29:07 PM : INFO: Clicked on login button
08/16/2020 08:29:07 PM : INFO: Login verified successfully

08/16/2020 09:30:54 PM : INFO: *************** test_homePageTitle ************
08/16/2020 09:30:54 PM : INFO: Title verified successfully

08/16/2020 09:30:59 PM : INFO: *************** test_login ************
08/16/2020 09:30:59 PM : INFO: Entered Username
08/16/2020 09:30:59 PM : INFO: Entered Password
08/16/2020 09:31:06 PM : INFO: Clicked on login button
08/16/2020 09:31:06 PM : INFO: Login verified successfully

08/16/2020 09:42:22 PM : INFO: *************** test_homePageTitle ************
08/16/2020 09:42:22 PM : INFO: Title verified successfully

08/16/2020 09:42:28 PM : INFO: *************** test_login ************
08/16/2020 09:42:28 PM : INFO: Entered Username
08/16/2020 09:42:28 PM : INFO: Entered Password
08/16/2020 09:42:34 PM : INFO: Clicked on login button
08/16/2020 09:42:34 PM : INFO: Login verified successfully

08/16/2020 09:49:53 PM : INFO: *************** test_homePageTitle ************
08/16/2020 09:49:53 PM : INFO: Title verified successfully

08/16/2020 09:49:58 PM : INFO: *************** test_login ************
08/16/2020 09:49:59 PM : INFO: Entered Username
08/16/2020 09:49:59 PM : INFO: Entered Password
08/16/2020 09:50:06 PM : INFO: Clicked on login button
08/16/2020 09:50:06 PM : INFO: Login verified successfully

08/16/2020 09:55:08 PM : INFO: *************** test_homePageTitle ************
08/16/2020 09:55:08 PM : INFO: Title verified successfully

08/16/2020 09:55:14 PM : INFO: *************** test_login ************
08/16/2020 09:55:14 PM : INFO: Entered Username
08/16/2020 09:55:14 PM : INFO: Entered Password
08/16/2020 09:55:23 PM : INFO: Clicked on login button
08/16/2020 09:55:23 PM : INFO: Login verified successfully

08/16/2020 09:56:30 PM : INFO: *************** test_homePageTitle ************
08/16/2020 09:56:30 PM : INFO: Title verified successfully

08/16/2020 09:56:37 PM : INFO: *************** test_login ************
08/16/2020 09:56:37 PM : INFO: Entered Username
08/16/2020 09:56:37 PM : INFO: Entered Password
08/16/2020 09:56:47 PM : INFO: Clicked on login button
08/16/2020 09:56:47 PM : INFO: Login verified successfully

08/16/2020 09:59:39 PM : INFO: *************** test_homePageTitle ************
08/16/2020 09:59:39 PM : INFO: Title verified successfully

08/16/2020 09:59:48 PM : INFO: *************** test_login ************
08/16/2020 09:59:48 PM : INFO: Entered Username
08/16/2020 09:59:48 PM : INFO: Entered Password
08/16/2020 09:59:58 PM : INFO: Clicked on login button
08/16/2020 09:59:58 PM : INFO: Login verified successfully

08/16/2020 10:04:57 PM : INFO: *************** test_homePageTitle ************
08/16/2020 10:04:57 PM : INFO: Title verified successfully

08/16/2020 10:05:03 PM : INFO: *************** test_login ************
08/16/2020 10:05:04 PM : INFO: Entered Username
08/16/2020 10:05:04 PM : INFO: Entered Password
08/16/2020 10:05:22 PM : INFO: Clicked on login button
08/16/2020 10:05:22 PM : INFO: Login verified successfully

08/16/2020 10:06:18 PM : INFO: *************** test_homePageTitle ************
08/16/2020 10:06:18 PM : INFO: Title verified successfully

08/16/2020 10:06:24 PM : INFO: *************** test_login ************
08/16/2020 10:06:25 PM : INFO: Entered Username
08/16/2020 10:06:25 PM : INFO: Entered Password
08/16/2020 10:06:38 PM : INFO: Clicked on login button
08/16/2020 10:06:38 PM : ERROR: Login Failed

08/16/2020 10:11:00 PM : INFO: *************** test_homePageTitle ************
08/16/2020 10:11:00 PM : INFO: Title verified successfully

08/16/2020 10:11:07 PM : INFO: *************** test_login ************
08/16/2020 10:11:07 PM : INFO: Entered Username
08/16/2020 10:11:07 PM : INFO: Entered Password
08/16/2020 10:11:13 PM : INFO: Clicked on login button
08/16/2020 10:11:14 PM : ERROR: Login Failed

08/16/2020 10:11:53 PM : INFO: *************** test_homePageTitle ************
08/16/2020 10:11:53 PM : INFO: Title verified successfully

08/16/2020 10:12:00 PM : INFO: *************** test_login ************
08/16/2020 10:12:00 PM : INFO: Entered Username
08/16/2020 10:12:00 PM : INFO: Entered Password
08/16/2020 10:12:07 PM : INFO: Clicked on login button
08/16/2020 10:12:08 PM : ERROR: Login Failed

